<?xml version="1.0" encoding="UTF-8"?>
<testsuite xmlns:xsi="http://www.w3.org/2001/XMLSchema-instance" xsi:noNamespaceSchemaLocation="https://maven.apache.org/surefire/maven-surefire-plugin/xsd/surefire-test-report-3.0.xsd" version="3.0" name="com.telecom.analytics.platform.CucumberTest" time="9.409" tests="5" errors="0" skipped="0" failures="0">
  <properties>
[...]
</properties>
  <testcase name="Resolve concurrency conflict via exponential backoff retry" classname="Concurrency Control and Resiliency" time="6.427">
    <system-out><![CDATA[
  .   ____          _            __ _ _
 /\\ / ___'_ __ _ _(_)_ __  __ _ \ \ \ \
( ( )\___ | '_ | '_| | '_ \/ _` | \ \ \ \
 \\/  ___)| |_)| | | | | || (_| |  ) ) ) )
  '  |____| .__|_| |_|_| |_\__, | / / / /
 =========|_|==============|___/=/_/_/_/

 :: Spring Boot ::                (v3.3.1)

2026-07-21T17:36:52.042+02:00  INFO 19760 --- [data-platform-sandbox] [           main] c.t.analytics.platform.StepDefinitions   : Starting integration test dependencies via Testcontainers...
2026-07-21T17:36:52.077+02:00  INFO 19760 --- [data-platform-sandbox] [           main] org.testcontainers.images.PullPolicy     : Image pull policy will be performed by: DefaultPullPolicy()
2026-07-21T17:36:52.081+02:00  INFO 19760 --- [data-platform-sandbox] [           main] o.t.utility.ImageNameSubstitutor         : Image name substitution will be performed by: DefaultImageNameSubstitutor (composite of 'ConfigurationFileImageNameSubstitutor' and 'PrefixingImageNameSubstitutor')
2026-07-21T17:36:52.517+02:00  INFO 19760 --- [data-platform-sandbox] [           main] .t.d.DockerMachineClientProviderStrategy : docker-machine executable was not found on PATH ([C:\WINDOWS\system32, C:\WINDOWS, C:\WINDOWS\System32\Wbem, C:\WINDOWS\System32\WindowsPowerShell\v1.0\, C:\WINDOWS\System32\OpenSSH\, C:\Program Files\Git\cmd, C:\Users\clope\AppData\Local\Microsoft\WindowsApps, C:\Users\clope\AppData\Local\Programs\Antigravity IDE\bin, C:\Users\clope\AppData\Local\GitHubDesktop\bin, C:\Users\clope\AppData\Local\Programs\DockerDesktop\resources\bin, C:\tools\maven\apache-maven-3.9.16\bin, C:\tools\java\jdk-25.0.2\bin, c:\Users\clope\.antigravity-ide\extensions\vscjava.vscode-java-debug-0.59.0-universal\bundled\scripts\noConfigScripts])
2026-07-21T17:36:52.518+02:00 ERROR 19760 --- [data-platform-sandbox] [           main] o.t.d.DockerClientProviderStrategy       : Could not find a valid Docker environment. Please check configuration. Attempted configurations were:
	NpipeSocketClientProviderStrategy: failed with exception BadRequestException (Status 400: {"ID":"","Containers":0,"ContainersRunning":0,"ContainersPaused":0,"ContainersStopped":0,"Images":0,"Driver":"","DriverStatus":null,"Plugins":{"Volume":null,"Network":null,"Authorization":null,"Log":null},"MemoryLimit":false,"SwapLimit":false,"CpuCfsPeriod":false,"CpuCfsQuota":false,"CPUShares":false,"CPUSet":false,"PidsLimit":false,"IPv4Forwarding":false,"Debug":false,"NFd":0,"OomKillDisable":false,"NGoroutines":0,"SystemTime":"","LoggingDriver":"","CgroupDriver":"","NEventsListener":0,"KernelVersion":"","OperatingSystem":"","OSVersion":"","OSType":"","Architecture":"","IndexServerAddress":"","RegistryConfig":null,"NCPU":0,"MemTotal":0,"GenericResources":null,"DockerRootDir":"","HttpProxy":"","HttpsProxy":"","NoProxy":"","Name":"","Labels":["com.docker.desktop.address=npipe://\\\\.\\pipe\\docker_cli"],"ExperimentalBuild":false,"ServerVersion":"","Runtimes":null,"DefaultRuntime":"","Swarm":{"NodeID":"","NodeAddr":"","LocalNodeState":"","ControlAvailable":false,"Error":"","RemoteManagers":null},"LiveRestoreEnabled":false,"Isolation":"","InitBinary":"","ContainerdCommit":{"ID":""},"RuncCommit":{"ID":""},"InitCommit":{"ID":""},"SecurityOptions":null,"CDISpecDirs":null,"Warnings":null})As no valid configuration was found, execution cannot continue.
See https://java.testcontainers.org/on_failure.html for more details.
2026-07-21T17:36:52.518+02:00  WARN 19760 --- [data-platform-sandbox] [           main] c.t.analytics.platform.StepDefinitions   : Testcontainers initialization failed: Could not find a valid Docker environment. Please see logs and check configuration. Falling back to standard local ports (Docker Compose sandbox)...
2026-07-21T17:36:52.524+02:00  INFO 19760 --- [data-platform-sandbox] [           main] c.t.a.p.CucumberSpringConfiguration      : Starting CucumberSpringConfiguration using Java 25.0.2 with PID 19760 (started by clope in c:\dev\workspace\data_engineer\data-platform-sandbox)
2026-07-21T17:36:52.524+02:00 DEBUG 19760 --- [data-platform-sandbox] [           main] c.t.a.p.CucumberSpringConfiguration      : Running with Spring Boot v3.3.1, Spring v6.1.10
2026-07-21T17:36:52.526+02:00  INFO 19760 --- [data-platform-sandbox] [           main] c.t.a.p.CucumberSpringConfiguration      : The following 1 profile is active: "test"
2026-07-21T17:36:52.882+02:00  INFO 19760 --- [data-platform-sandbox] [           main] .s.d.r.c.RepositoryConfigurationDelegate : Multiple Spring Data modules found, entering strict repository configuration mode
2026-07-21T17:36:52.882+02:00  INFO 19760 --- [data-platform-sandbox] [           main] .s.d.r.c.RepositoryConfigurationDelegate : Bootstrapping Spring Data JPA repositories in DEFAULT mode.
2026-07-21T17:36:52.922+02:00  INFO 19760 --- [data-platform-sandbox] [           main] .s.d.r.c.RepositoryConfigurationDelegate : Finished Spring Data repository scanning in 32 ms. Found 1 JPA repository interface.
2026-07-21T17:36:52.924+02:00  INFO 19760 --- [data-platform-sandbox] [           main] .s.d.r.c.RepositoryConfigurationDelegate : Multiple Spring Data modules found, entering strict repository configuration mode
2026-07-21T17:36:52.924+02:00  INFO 19760 --- [data-platform-sandbox] [           main] .s.d.r.c.RepositoryConfigurationDelegate : Bootstrapping Spring Data MongoDB repositories in DEFAULT mode.
2026-07-21T17:36:52.930+02:00  INFO 19760 --- [data-platform-sandbox] [           main] .s.d.r.c.RepositoryConfigurationDelegate : Finished Spring Data repository scanning in 4 ms. Found 1 MongoDB repository interface.
2026-07-21T17:36:53.727+02:00  INFO 19760 --- [data-platform-sandbox] [           main] o.s.b.w.embedded.tomcat.TomcatWebServer  : Tomcat initialized with port 0 (http)
2026-07-21T17:36:53.742+02:00  INFO 19760 --- [data-platform-sandbox] [           main] o.apache.catalina.core.StandardService   : Starting service [Tomcat]
2026-07-21T17:36:53.743+02:00  INFO 19760 --- [data-platform-sandbox] [           main] o.apache.catalina.core.StandardEngine    : Starting Servlet engine: [Apache Tomcat/10.1.25]
2026-07-21T17:36:53.834+02:00  INFO 19760 --- [data-platform-sandbox] [           main] o.a.c.c.C.[Tomcat].[localhost].[/]       : Initializing Spring embedded WebApplicationContext
2026-07-21T17:36:53.835+02:00  INFO 19760 --- [data-platform-sandbox] [           main] w.s.c.ServletWebServerApplicationContext : Root WebApplicationContext: initialization completed in 1295 ms
2026-07-21T17:36:54.031+02:00  INFO 19760 --- [data-platform-sandbox] [           main] o.hibernate.jpa.internal.util.LogHelper  : HHH000204: Processing PersistenceUnitInfo [name: default]
2026-07-21T17:36:54.086+02:00  INFO 19760 --- [data-platform-sandbox] [           main] org.hibernate.Version                    : HHH000412: Hibernate ORM core version 6.5.2.Final
2026-07-21T17:36:54.117+02:00  INFO 19760 --- [data-platform-sandbox] [           main] o.h.c.internal.RegionFactoryInitiator    : HHH000026: Second-level cache disabled
2026-07-21T17:36:54.392+02:00  INFO 19760 --- [data-platform-sandbox] [           main] o.s.o.j.p.SpringPersistenceUnitInfo      : No LoadTimeWeaver setup: ignoring JPA class transformer
2026-07-21T17:36:54.419+02:00  INFO 19760 --- [data-platform-sandbox] [           main] com.zaxxer.hikari.HikariDataSource       : HikariPool-1 - Starting...
2026-07-21T17:36:54.536+02:00  INFO 19760 --- [data-platform-sandbox] [           main] com.zaxxer.hikari.pool.HikariPool        : HikariPool-1 - Added connection org.postgresql.jdbc.PgConnection@1842dc39
2026-07-21T17:36:54.538+02:00  INFO 19760 --- [data-platform-sandbox] [           main] com.zaxxer.hikari.HikariDataSource       : HikariPool-1 - Start completed.
2026-07-21T17:36:54.566+02:00  WARN 19760 --- [data-platform-sandbox] [           main] org.hibernate.orm.deprecation            : HHH90000025: PostgreSQLDialect does not need to be specified explicitly using 'hibernate.dialect' (remove the property setting and it will be selected by default)
2026-07-21T17:36:55.279+02:00  INFO 19760 --- [data-platform-sandbox] [           main] o.h.e.t.j.p.i.JtaPlatformInitiator       : HHH000489: No JTA platform available (set 'hibernate.transaction.jta.platform' to enable JTA platform integration)
2026-07-21T17:36:55.329+02:00  INFO 19760 --- [data-platform-sandbox] [           main] j.LocalContainerEntityManagerFactoryBean : Initialized JPA EntityManagerFactory for persistence unit 'default'
2026-07-21T17:36:55.338+02:00  WARN 19760 --- [data-platform-sandbox] [           main] c.t.a.p.i.a.o.n.NativeAnalyticsAdapter   : Could not load C++ native library (native_analytics). Falling back to Java execution. Error: no native_analytics in java.library.path: C:\tools\java\jdk-25.0.2\bin;C:\WINDOWS\Sun\Java\bin;C:\WINDOWS\system32;C:\WINDOWS;C:\WINDOWS\system32;C:\WINDOWS;C:\WINDOWS\System32\Wbem;C:\WINDOWS\System32\WindowsPowerShell\v1.0\;C:\WINDOWS\System32\OpenSSH\;C:\Program Files\Git\cmd;C:\Users\clope\AppData\Local\Microsoft\WindowsApps;C:\Users\clope\AppData\Local\Programs\Antigravity IDE\bin;C:\Users\clope\AppData\Local\GitHubDesktop\bin;C:\Users\clope\AppData\Local\Programs\DockerDesktop\resources\bin;C:\tools\maven\apache-maven-3.9.16\bin;C:\tools\java\jdk-25.0.2\bin;c:\Users\clope\.antigravity-ide\extensions\vscjava.vscode-java-debug-0.59.0-universal\bundled\scripts\noConfigScripts;.
2026-07-21T17:36:55.724+02:00  INFO 19760 --- [data-platform-sandbox] [           main] org.mongodb.driver.client                : MongoClient with metadata {"driver": {"name": "mongo-java-driver|sync|spring-boot", "version": "5.0.1"}, "os": {"type": "Windows", "name": "Windows 11", "architecture": "amd64", "version": "10.0"}, "platform": "Java/Oracle Corporation/25.0.2+10-69"} created with settings MongoClientSettings{readPreference=primary, writeConcern=WriteConcern{w=null, wTimeout=null ms, journal=null}, retryWrites=true, retryReads=true, readConcern=ReadConcern{level=null}, credential=null, transportSettings=null, commandListeners=[], codecRegistry=ProvidersCodecRegistry{codecProviders=[ValueCodecProvider{}, BsonValueCodecProvider{}, DBRefCodecProvider{}, DBObjectCodecProvider{}, DocumentCodecProvider{}, CollectionCodecProvider{}, IterableCodecProvider{}, MapCodecProvider{}, GeoJsonCodecProvider{}, GridFSFileCodecProvider{}, Jsr310CodecProvider{}, JsonObjectCodecProvider{}, BsonCodecProvider{}, EnumCodecProvider{}, com.mongodb.client.model.mql.ExpressionCodecProvider@31773d5b, com.mongodb.Jep395RecordCodecProvider@5bbf8daa, com.mongodb.KotlinCodecProvider@33c5e52f]}, loggerSettings=LoggerSettings{maxDocumentLength=1000}, clusterSettings={hosts=[localhost:27017], srvServiceName=mongodb, mode=SINGLE, requiredClusterType=UNKNOWN, requiredReplicaSetName='null', serverSelector='null', clusterListeners='[]', serverSelectionTimeout='30000 ms', localThreshold='15 ms'}, socketSettings=SocketSettings{connectTimeoutMS=10000, readTimeoutMS=0, receiveBufferSize=0, proxySettings=ProxySettings{host=null, port=null, username=null, password=null}}, heartbeatSocketSettings=SocketSettings{connectTimeoutMS=10000, readTimeoutMS=10000, receiveBufferSize=0, proxySettings=ProxySettings{host=null, port=null, username=null, password=null}}, connectionPoolSettings=ConnectionPoolSettings{maxSize=100, minSize=0, maxWaitTimeMS=120000, maxConnectionLifeTimeMS=0, maxConnectionIdleTimeMS=0, maintenanceInitialDelayMS=0, maintenanceFrequencyMS=60000, connectionPoolListeners=[], maxConnecting=2}, serverSettings=ServerSettings{heartbeatFrequencyMS=10000, minHeartbeatFrequencyMS=500, serverListeners='[]', serverMonitorListeners='[]'}, sslSettings=SslSettings{enabled=false, invalidHostNameAllowed=false, context=null}, applicationName='null', compressorList=[], uuidRepresentation=JAVA_LEGACY, serverApi=null, autoEncryptionSettings=null, dnsClient=null, inetAddressResolver=null, contextProvider=null}
2026-07-21T17:36:55.738+02:00  INFO 19760 --- [data-platform-sandbox] [localhost:27017] org.mongodb.driver.cluster               : Monitor thread successfully connected to server with description ServerDescription{address=localhost:27017, type=STANDALONE, state=CONNECTED, ok=true, minWireVersion=0, maxWireVersion=21, maxDocumentSize=16777216, logicalSessionTimeoutMinutes=30, roundTripTimeNanos=25289700}
2026-07-21T17:36:56.086+02:00  WARN 19760 --- [data-platform-sandbox] [           main] JpaBaseConfiguration$JpaWebConfiguration : spring.jpa.open-in-view is enabled by default. Therefore, database queries may be performed during view rendering. Explicitly configure spring.jpa.open-in-view to disable this warning
2026-07-21T17:36:56.933+02:00  INFO 19760 --- [data-platform-sandbox] [           main] o.s.b.w.embedded.tomcat.TomcatWebServer  : Tomcat started on port 60517 (http) with context path '/'
2026-07-21T17:36:57.197+02:00  INFO 19760 --- [data-platform-sandbox] [ecycle-thread-1] a.c.s.l.AbstractMessageListenerContainer : Container io.awspring.cloud.sqs.sqsListenerEndpointContainer#0 started
2026-07-21T17:36:57.202+02:00  INFO 19760 --- [data-platform-sandbox] [           main] c.t.a.p.CucumberSpringConfiguration      : Started CucumberSpringConfiguration in 5.437 seconds (process running for 6.523)
2026-07-21T17:36:57.242+02:00  INFO 19760 --- [data-platform-sandbox] [ntContainer#0-4] c.t.a.p.i.a.i.sqs.SqsTelemetryListener   : Received event raw payload from SQS: {"eventId":"evt-999","antennaId":"antenna-101","eventType":"VOICE_CALL","durationMs":2000,"bytesTransferred":2048,"timestamp":"2026-07-21T15:08:00.570479800Z","version":null}
2026-07-21T17:36:57.242+02:00  INFO 19760 --- [data-platform-sandbox] [ntContainer#0-5] c.t.a.p.i.a.i.sqs.SqsTelemetryListener   : Received event raw payload from SQS: {"eventId":"evt-999","antennaId":"antenna-101","eventType":"VOICE_CALL","durationMs":1500,"bytesTransferred":1024,"timestamp":"2026-07-21T15:07:02.441751500Z","version":null}
2026-07-21T17:36:57.242+02:00  INFO 19760 --- [data-platform-sandbox] [ntContainer#0-3] c.t.a.p.i.a.i.sqs.SqsTelemetryListener   : Received event raw payload from SQS: {"eventId":"evt-999","antennaId":"antenna-101","eventType":"VOICE_CALL","durationMs":2000,"bytesTransferred":2048,"timestamp":"2026-07-21T15:07:07.725033200Z","version":null}
2026-07-21T17:36:57.242+02:00  INFO 19760 --- [data-platform-sandbox] [ntContainer#0-1] c.t.a.p.i.a.i.sqs.SqsTelemetryListener   : Received event raw payload from SQS: {"eventId":"evt-999","antennaId":"antenna-101","eventType":"VOICE_CALL","durationMs":2000,"bytesTransferred":2048,"timestamp":"2026-07-21T15:08:55.133129900Z","version":null}
2026-07-21T17:36:57.242+02:00  INFO 19760 --- [data-platform-sandbox] [ntContainer#0-2] c.t.a.p.i.a.i.sqs.SqsTelemetryListener   : Received event raw payload from SQS: {"eventId":"evt-999","antennaId":"antenna-101","eventType":"VOICE_CALL","durationMs":1500,"bytesTransferred":1024,"timestamp":"2026-07-21T15:04:40.003620900Z","version":null}
2026-07-21T17:36:57.285+02:00  INFO 19760 --- [data-platform-sandbox] [ntContainer#0-2] c.t.a.p.i.a.i.sqs.SqsTelemetryListener   : Successfully deserialized telemetry event: evt-999
2026-07-21T17:36:57.285+02:00  INFO 19760 --- [data-platform-sandbox] [ntContainer#0-1] c.t.a.p.i.a.i.sqs.SqsTelemetryListener   : Successfully deserialized telemetry event: evt-999
2026-07-21T17:36:57.285+02:00  INFO 19760 --- [data-platform-sandbox] [ntContainer#0-4] c.t.a.p.i.a.i.sqs.SqsTelemetryListener   : Successfully deserialized telemetry event: evt-999
2026-07-21T17:36:57.285+02:00  INFO 19760 --- [data-platform-sandbox] [ntContainer#0-3] c.t.a.p.i.a.i.sqs.SqsTelemetryListener   : Successfully deserialized telemetry event: evt-999
2026-07-21T17:36:57.285+02:00  INFO 19760 --- [data-platform-sandbox] [ntContainer#0-4] c.t.a.p.a.s.TelemetryIngestionService    : Receiving telemetry event: evt-999
2026-07-21T17:36:57.285+02:00  INFO 19760 --- [data-platform-sandbox] [ntContainer#0-5] c.t.a.p.i.a.i.sqs.SqsTelemetryListener   : Successfully deserialized telemetry event: evt-999
2026-07-21T17:36:57.285+02:00  INFO 19760 --- [data-platform-sandbox] [ntContainer#0-2] c.t.a.p.a.s.TelemetryIngestionService    : Receiving telemetry event: evt-999
2026-07-21T17:36:57.285+02:00  INFO 19760 --- [data-platform-sandbox] [ntContainer#0-1] c.t.a.p.a.s.TelemetryIngestionService    : Receiving telemetry event: evt-999
2026-07-21T17:36:57.285+02:00  INFO 19760 --- [data-platform-sandbox] [ntContainer#0-3] c.t.a.p.a.s.TelemetryIngestionService    : Receiving telemetry event: evt-999
2026-07-21T17:36:57.286+02:00  INFO 19760 --- [data-platform-sandbox] [ntContainer#0-5] c.t.a.p.a.s.TelemetryIngestionService    : Receiving telemetry event: evt-999
Hibernate: select aje1_0.id,aje1_0.location,aje1_0.status,aje1_0.theoretical_capacity,aje1_0.type from antennas aje1_0 where aje1_0.id=?
Hibernate: select aje1_0.id,aje1_0.location,aje1_0.status,aje1_0.theoretical_capacity,aje1_0.type from antennas aje1_0 where aje1_0.id=?
Hibernate: select aje1_0.id,aje1_0.location,aje1_0.status,aje1_0.theoretical_capacity,aje1_0.type from antennas aje1_0 where aje1_0.id=?
Hibernate: select aje1_0.id,aje1_0.location,aje1_0.status,aje1_0.theoretical_capacity,aje1_0.type from antennas aje1_0 where aje1_0.id=?
Hibernate: select aje1_0.id,aje1_0.location,aje1_0.status,aje1_0.theoretical_capacity,aje1_0.type from antennas aje1_0 where aje1_0.id=?
2026-07-21T17:36:57.355+02:00 ERROR 19760 --- [data-platform-sandbox] [ntContainer#0-2] c.t.a.p.a.s.TelemetryIngestionService    : Antenna antenna-101 does not exist in master data. Discarding event evt-999.
2026-07-21T17:36:57.355+02:00 ERROR 19760 --- [data-platform-sandbox] [ntContainer#0-3] c.t.a.p.a.s.TelemetryIngestionService    : Antenna antenna-101 does not exist in master data. Discarding event evt-999.
2026-07-21T17:36:57.355+02:00 ERROR 19760 --- [data-platform-sandbox] [ntContainer#0-5] c.t.a.p.a.s.TelemetryIngestionService    : Antenna antenna-101 does not exist in master data. Discarding event evt-999.
2026-07-21T17:36:57.356+02:00 ERROR 19760 --- [data-platform-sandbox] [ntContainer#0-2] c.t.a.p.i.a.i.sqs.SqsTelemetryListener   : Failed to deserialize or process telemetry event: Referenced antenna antenna-101 does not exist.
2026-07-21T17:36:57.355+02:00 ERROR 19760 --- [data-platform-sandbox] [ntContainer#0-1] c.t.a.p.a.s.TelemetryIngestionService    : Antenna antenna-101 does not exist in master data. Discarding event evt-999.
2026-07-21T17:36:57.355+02:00 ERROR 19760 --- [data-platform-sandbox] [ntContainer#0-4] c.t.a.p.a.s.TelemetryIngestionService    : Antenna antenna-101 does not exist in master data. Discarding event evt-999.
2026-07-21T17:36:57.356+02:00 ERROR 19760 --- [data-platform-sandbox] [ntContainer#0-3] c.t.a.p.i.a.i.sqs.SqsTelemetryListener   : Failed to deserialize or process telemetry event: Referenced antenna antenna-101 does not exist.
2026-07-21T17:36:57.356+02:00 ERROR 19760 --- [data-platform-sandbox] [ntContainer#0-5] c.t.a.p.i.a.i.sqs.SqsTelemetryListener   : Failed to deserialize or process telemetry event: Referenced antenna antenna-101 does not exist.
2026-07-21T17:36:57.356+02:00 ERROR 19760 --- [data-platform-sandbox] [ntContainer#0-1] c.t.a.p.i.a.i.sqs.SqsTelemetryListener   : Failed to deserialize or process telemetry event: Referenced antenna antenna-101 does not exist.
2026-07-21T17:36:57.356+02:00 ERROR 19760 --- [data-platform-sandbox] [ntContainer#0-4] c.t.a.p.i.a.i.sqs.SqsTelemetryListener   : Failed to deserialize or process telemetry event: Referenced antenna antenna-101 does not exist.
2026-07-21T17:36:57.358+02:00 ERROR 19760 --- [data-platform-sandbox] [ntContainer#0-1] .s.AbstractMessageProcessingPipelineSink : Error processing message 376577fe-6456-4e3c-b56e-6051d412ce95.

java.util.concurrent.CompletionException: io.awspring.cloud.sqs.listener.AsyncAdapterBlockingExecutionFailedException: Error executing action in BlockingMessageListenerAdapter
	at java.base/java.util.concurrent.CompletableFuture.wrapInCompletionException(CompletableFuture.java:323) ~[na:na]
	at java.base/java.util.concurrent.CompletableFuture.encodeThrowable(CompletableFuture.java:376) ~[na:na]
	at java.base/java.util.concurrent.CompletableFuture.uniApplyNow(CompletableFuture.java:695) ~[na:na]
	at java.base/java.util.concurrent.CompletableFuture.uniApplyStage(CompletableFuture.java:683) ~[na:na]
	at java.base/java.util.concurrent.CompletableFuture.thenApply(CompletableFuture.java:2227) ~[na:na]
	at io.awspring.cloud.sqs.listener.pipeline.MessageListenerExecutionStage.process(MessageListenerExecutionStage.java:49) ~[spring-cloud-aws-sqs-3.1.1.jar:3.1.1]
	at io.awspring.cloud.sqs.listener.pipeline.MessageProcessingPipelineBuilder$ComposingMessagePipelineStage.lambda$process$0(MessageProcessingPipelineBuilder.java:80) ~[spring-cloud-aws-sqs-3.1.1.jar:3.1.1]
	at java.base/java.util.concurrent.CompletableFuture.uniComposeStage(CompletableFuture.java:1208) ~[na:na]
	at java.base/java.util.concurrent.CompletableFuture.thenCompose(CompletableFuture.java:2368) ~[na:na]
	at io.awspring.cloud.sqs.listener.pipeline.MessageProcessingPipelineBuilder$ComposingMessagePipelineStage.process(MessageProcessingPipelineBuilder.java:80) ~[spring-cloud-aws-sqs-3.1.1.jar:3.1.1]
	at io.awspring.cloud.sqs.listener.pipeline.MessageProcessingPipelineBuilder$FutureComposingMessagePipelineStage.process(MessageProcessingPipelineBuilder.java:104) ~[spring-cloud-aws-sqs-3.1.1.jar:3.1.1]
	at io.awspring.cloud.sqs.listener.pipeline.MessageProcessingPipelineBuilder$FutureComposingMessagePipelineStage.process(MessageProcessingPipelineBuilder.java:104) ~[spring-cloud-aws-sqs-3.1.1.jar:3.1.1]
	at io.awspring.cloud.sqs.listener.pipeline.MessageProcessingPipelineBuilder$FutureComposingMessagePipelineStage.process(MessageProcessingPipelineBuilder.java:104) ~[spring-cloud-aws-sqs-3.1.1.jar:3.1.1]
	at io.awspring.cloud.sqs.listener.pipeline.MessageProcessingPipelineBuilder$FutureComposingMessagePipelineStage.process(MessageProcessingPipelineBuilder.java:104) ~[spring-cloud-aws-sqs-3.1.1.jar:3.1.1]
	at io.awspring.cloud.sqs.listener.sink.AbstractMessageProcessingPipelineSink.lambda$execute$0(AbstractMessageProcessingPipelineSink.java:99) ~[spring-cloud-aws-sqs-3.1.1.jar:3.1.1]
	at java.base/java.util.concurrent.CompletableFuture$AsyncSupply.run(CompletableFuture.java:1789) ~[na:na]
	at java.base/java.util.concurrent.ThreadPoolExecutor.runWorker(ThreadPoolExecutor.java:1090) ~[na:na]
	at java.base/java.util.concurrent.ThreadPoolExecutor$Worker.run(ThreadPoolExecutor.java:614) ~[na:na]
	at java.base/java.lang.Thread.run(Thread.java:1474) ~[na:na]
Caused by: io.awspring.cloud.sqs.listener.AsyncAdapterBlockingExecutionFailedException: Error executing action in BlockingMessageListenerAdapter
	at io.awspring.cloud.sqs.listener.AsyncComponentAdapters$AbstractThreadingComponentAdapter.wrapWithBlockingException(AsyncComponentAdapters.java:162) ~[spring-cloud-aws-sqs-3.1.1.jar:3.1.1]
	at io.awspring.cloud.sqs.listener.AsyncComponentAdapters$AbstractThreadingComponentAdapter.runInSameThread(AsyncComponentAdapters.java:124) ~[spring-cloud-aws-sqs-3.1.1.jar:3.1.1]
	at io.awspring.cloud.sqs.listener.AsyncComponentAdapters$AbstractThreadingComponentAdapter.execute(AsyncComponentAdapters.java:111) ~[spring-cloud-aws-sqs-3.1.1.jar:3.1.1]
	at io.awspring.cloud.sqs.listener.AsyncComponentAdapters$BlockingMessageListenerAdapter.onMessage(AsyncComponentAdapters.java:208) ~[spring-cloud-aws-sqs-3.1.1.jar:3.1.1]
	... 14 common frames omitted
Caused by: io.awspring.cloud.sqs.listener.ListenerExecutionFailedException: Listener failed to process messages 376577fe-6456-4e3c-b56e-6051d412ce95
	at io.awspring.cloud.sqs.listener.adapter.AbstractMethodInvokingListenerAdapter.createListenerException(AbstractMethodInvokingListenerAdapter.java:79) ~[spring-cloud-aws-sqs-3.1.1.jar:3.1.1]
	at io.awspring.cloud.sqs.listener.adapter.AbstractMethodInvokingListenerAdapter.createListenerException(AbstractMethodInvokingListenerAdapter.java:83) ~[spring-cloud-aws-sqs-3.1.1.jar:3.1.1]
	at io.awspring.cloud.sqs.listener.adapter.AbstractMethodInvokingListenerAdapter.invokeHandler(AbstractMethodInvokingListenerAdapter.java:59) ~[spring-cloud-aws-sqs-3.1.1.jar:3.1.1]
	at io.awspring.cloud.sqs.listener.adapter.MessagingMessageListenerAdapter.onMessage(MessagingMessageListenerAdapter.java:41) ~[spring-cloud-aws-sqs-3.1.1.jar:3.1.1]
	at io.awspring.cloud.sqs.listener.AsyncComponentAdapters$BlockingMessageListenerAdapter.lambda$onMessage$0(AsyncComponentAdapters.java:208) ~[spring-cloud-aws-sqs-3.1.1.jar:3.1.1]
	at io.awspring.cloud.sqs.listener.AsyncComponentAdapters$AbstractThreadingComponentAdapter.runInSameThread(AsyncComponentAdapters.java:120) ~[spring-cloud-aws-sqs-3.1.1.jar:3.1.1]
	... 16 common frames omitted
Caused by: java.lang.RuntimeException: Failed to process SQS message
	at com.telecom.analytics.platform.infrastructure.adapter.inbound.sqs.SqsTelemetryListener.listen(SqsTelemetryListener.java:28) ~[classes/:na]
	at java.base/jdk.internal.reflect.DirectMethodHandleAccessor.invoke(DirectMethodHandleAccessor.java:104) ~[na:na]
	at java.base/java.lang.reflect.Method.invoke(Method.java:565) ~[na:na]
	at org.springframework.messaging.handler.invocation.InvocableHandlerMethod.doInvoke(InvocableHandlerMethod.java:169) ~[spring-messaging-6.1.10.jar:6.1.10]
	at org.springframework.messaging.handler.invocation.InvocableHandlerMethod.invoke(InvocableHandlerMethod.java:119) ~[spring-messaging-6.1.10.jar:6.1.10]
	at io.awspring.cloud.sqs.listener.adapter.AbstractMethodInvokingListenerAdapter.invokeHandler(AbstractMethodInvokingListenerAdapter.java:56) ~[spring-cloud-aws-sqs-3.1.1.jar:3.1.1]
	... 19 common frames omitted
Caused by: java.lang.IllegalArgumentException: Referenced antenna antenna-101 does not exist.
	at com.telecom.analytics.platform.application.service.TelemetryIngestionService.ingest(TelemetryIngestionService.java:30) ~[classes/:na]
	at com.telecom.analytics.platform.infrastructure.adapter.inbound.sqs.SqsTelemetryListener.listen(SqsTelemetryListener.java:25) ~[classes/:na]
	... 24 common frames omitted

2026-07-21T17:36:57.358+02:00 ERROR 19760 --- [data-platform-sandbox] [ntContainer#0-2] .s.AbstractMessageProcessingPipelineSink : Error processing message b4bd8a8a-7fbf-4c4d-8060-df5d2f5319cc.

java.util.concurrent.CompletionException: io.awspring.cloud.sqs.listener.AsyncAdapterBlockingExecutionFailedException: Error executing action in BlockingMessageListenerAdapter
	at java.base/java.util.concurrent.CompletableFuture.wrapInCompletionException(CompletableFuture.java:323) ~[na:na]
	at java.base/java.util.concurrent.CompletableFuture.encodeThrowable(CompletableFuture.java:376) ~[na:na]
	at java.base/java.util.concurrent.CompletableFuture.uniApplyNow(CompletableFuture.java:695) ~[na:na]
	at java.base/java.util.concurrent.CompletableFuture.uniApplyStage(CompletableFuture.java:683) ~[na:na]
	at java.base/java.util.concurrent.CompletableFuture.thenApply(CompletableFuture.java:2227) ~[na:na]
	at io.awspring.cloud.sqs.listener.pipeline.MessageListenerExecutionStage.process(MessageListenerExecutionStage.java:49) ~[spring-cloud-aws-sqs-3.1.1.jar:3.1.1]
	at io.awspring.cloud.sqs.listener.pipeline.MessageProcessingPipelineBuilder$ComposingMessagePipelineStage.lambda$process$0(MessageProcessingPipelineBuilder.java:80) ~[spring-cloud-aws-sqs-3.1.1.jar:3.1.1]
	at java.base/java.util.concurrent.CompletableFuture.uniComposeStage(CompletableFuture.java:1208) ~[na:na]
	at java.base/java.util.concurrent.CompletableFuture.thenCompose(CompletableFuture.java:2368) ~[na:na]
	at io.awspring.cloud.sqs.listener.pipeline.MessageProcessingPipelineBuilder$ComposingMessagePipelineStage.process(MessageProcessingPipelineBuilder.java:80) ~[spring-cloud-aws-sqs-3.1.1.jar:3.1.1]
	at io.awspring.cloud.sqs.listener.pipeline.MessageProcessingPipelineBuilder$FutureComposingMessagePipelineStage.process(MessageProcessingPipelineBuilder.java:104) ~[spring-cloud-aws-sqs-3.1.1.jar:3.1.1]
	at io.awspring.cloud.sqs.listener.pipeline.MessageProcessingPipelineBuilder$FutureComposingMessagePipelineStage.process(MessageProcessingPipelineBuilder.java:104) ~[spring-cloud-aws-sqs-3.1.1.jar:3.1.1]
	at io.awspring.cloud.sqs.listener.pipeline.MessageProcessingPipelineBuilder$FutureComposingMessagePipelineStage.process(MessageProcessingPipelineBuilder.java:104) ~[spring-cloud-aws-sqs-3.1.1.jar:3.1.1]
	at io.awspring.cloud.sqs.listener.pipeline.MessageProcessingPipelineBuilder$FutureComposingMessagePipelineStage.process(MessageProcessingPipelineBuilder.java:104) ~[spring-cloud-aws-sqs-3.1.1.jar:3.1.1]
	at io.awspring.cloud.sqs.listener.sink.AbstractMessageProcessingPipelineSink.lambda$execute$0(AbstractMessageProcessingPipelineSink.java:99) ~[spring-cloud-aws-sqs-3.1.1.jar:3.1.1]
	at java.base/java.util.concurrent.CompletableFuture$AsyncSupply.run(CompletableFuture.java:1789) ~[na:na]
	at java.base/java.util.concurrent.ThreadPoolExecutor.runWorker(ThreadPoolExecutor.java:1090) ~[na:na]
	at java.base/java.util.concurrent.ThreadPoolExecutor$Worker.run(ThreadPoolExecutor.java:614) ~[na:na]
	at java.base/java.lang.Thread.run(Thread.java:1474) ~[na:na]
Caused by: io.awspring.cloud.sqs.listener.AsyncAdapterBlockingExecutionFailedException: Error executing action in BlockingMessageListenerAdapter
	at io.awspring.cloud.sqs.listener.AsyncComponentAdapters$AbstractThreadingComponentAdapter.wrapWithBlockingException(AsyncComponentAdapters.java:162) ~[spring-cloud-aws-sqs-3.1.1.jar:3.1.1]
	at io.awspring.cloud.sqs.listener.AsyncComponentAdapters$AbstractThreadingComponentAdapter.runInSameThread(AsyncComponentAdapters.java:124) ~[spring-cloud-aws-sqs-3.1.1.jar:3.1.1]
	at io.awspring.cloud.sqs.listener.AsyncComponentAdapters$AbstractThreadingComponentAdapter.execute(AsyncComponentAdapters.java:111) ~[spring-cloud-aws-sqs-3.1.1.jar:3.1.1]
	at io.awspring.cloud.sqs.listener.AsyncComponentAdapters$BlockingMessageListenerAdapter.onMessage(AsyncComponentAdapters.java:208) ~[spring-cloud-aws-sqs-3.1.1.jar:3.1.1]
	... 14 common frames omitted
Caused by: io.awspring.cloud.sqs.listener.ListenerExecutionFailedException: Listener failed to process messages b4bd8a8a-7fbf-4c4d-8060-df5d2f5319cc
	at io.awspring.cloud.sqs.listener.adapter.AbstractMethodInvokingListenerAdapter.createListenerException(AbstractMethodInvokingListenerAdapter.java:79) ~[spring-cloud-aws-sqs-3.1.1.jar:3.1.1]
	at io.awspring.cloud.sqs.listener.adapter.AbstractMethodInvokingListenerAdapter.createListenerException(AbstractMethodInvokingListenerAdapter.java:83) ~[spring-cloud-aws-sqs-3.1.1.jar:3.1.1]
	at io.awspring.cloud.sqs.listener.adapter.AbstractMethodInvokingListenerAdapter.invokeHandler(AbstractMethodInvokingListenerAdapter.java:59) ~[spring-cloud-aws-sqs-3.1.1.jar:3.1.1]
	at io.awspring.cloud.sqs.listener.adapter.MessagingMessageListenerAdapter.onMessage(MessagingMessageListenerAdapter.java:41) ~[spring-cloud-aws-sqs-3.1.1.jar:3.1.1]
	at io.awspring.cloud.sqs.listener.AsyncComponentAdapters$BlockingMessageListenerAdapter.lambda$onMessage$0(AsyncComponentAdapters.java:208) ~[spring-cloud-aws-sqs-3.1.1.jar:3.1.1]
	at io.awspring.cloud.sqs.listener.AsyncComponentAdapters$AbstractThreadingComponentAdapter.runInSameThread(AsyncComponentAdapters.java:120) ~[spring-cloud-aws-sqs-3.1.1.jar:3.1.1]
	... 16 common frames omitted
Caused by: java.lang.RuntimeException: Failed to process SQS message
	at com.telecom.analytics.platform.infrastructure.adapter.inbound.sqs.SqsTelemetryListener.listen(SqsTelemetryListener.java:28) ~[classes/:na]
	at java.base/jdk.internal.reflect.DirectMethodHandleAccessor.invoke(DirectMethodHandleAccessor.java:104) ~[na:na]
	at java.base/java.lang.reflect.Method.invoke(Method.java:565) ~[na:na]
	at org.springframework.messaging.handler.invocation.InvocableHandlerMethod.doInvoke(InvocableHandlerMethod.java:169) ~[spring-messaging-6.1.10.jar:6.1.10]
	at org.springframework.messaging.handler.invocation.InvocableHandlerMethod.invoke(InvocableHandlerMethod.java:119) ~[spring-messaging-6.1.10.jar:6.1.10]
	at io.awspring.cloud.sqs.listener.adapter.AbstractMethodInvokingListenerAdapter.invokeHandler(AbstractMethodInvokingListenerAdapter.java:56) ~[spring-cloud-aws-sqs-3.1.1.jar:3.1.1]
	... 19 common frames omitted
Caused by: java.lang.IllegalArgumentException: Referenced antenna antenna-101 does not exist.
	at com.telecom.analytics.platform.application.service.TelemetryIngestionService.ingest(TelemetryIngestionService.java:30) ~[classes/:na]
	at com.telecom.analytics.platform.infrastructure.adapter.inbound.sqs.SqsTelemetryListener.listen(SqsTelemetryListener.java:25) ~[classes/:na]
	... 24 common frames omitted

2026-07-21T17:36:57.358+02:00 ERROR 19760 --- [data-platform-sandbox] [ntContainer#0-4] .s.AbstractMessageProcessingPipelineSink : Error processing message a0c7dfd2-64fd-4d2d-913d-adeb71e35382.

java.util.concurrent.CompletionException: io.awspring.cloud.sqs.listener.AsyncAdapterBlockingExecutionFailedException: Error executing action in BlockingMessageListenerAdapter
	at java.base/java.util.concurrent.CompletableFuture.wrapInCompletionException(CompletableFuture.java:323) ~[na:na]
	at java.base/java.util.concurrent.CompletableFuture.encodeThrowable(CompletableFuture.java:376) ~[na:na]
	at java.base/java.util.concurrent.CompletableFuture.uniApplyNow(CompletableFuture.java:695) ~[na:na]
	at java.base/java.util.concurrent.CompletableFuture.uniApplyStage(CompletableFuture.java:683) ~[na:na]
	at java.base/java.util.concurrent.CompletableFuture.thenApply(CompletableFuture.java:2227) ~[na:na]
	at io.awspring.cloud.sqs.listener.pipeline.MessageListenerExecutionStage.process(MessageListenerExecutionStage.java:49) ~[spring-cloud-aws-sqs-3.1.1.jar:3.1.1]
	at io.awspring.cloud.sqs.listener.pipeline.MessageProcessingPipelineBuilder$ComposingMessagePipelineStage.lambda$process$0(MessageProcessingPipelineBuilder.java:80) ~[spring-cloud-aws-sqs-3.1.1.jar:3.1.1]
	at java.base/java.util.concurrent.CompletableFuture.uniComposeStage(CompletableFuture.java:1208) ~[na:na]
	at java.base/java.util.concurrent.CompletableFuture.thenCompose(CompletableFuture.java:2368) ~[na:na]
	at io.awspring.cloud.sqs.listener.pipeline.MessageProcessingPipelineBuilder$ComposingMessagePipelineStage.process(MessageProcessingPipelineBuilder.java:80) ~[spring-cloud-aws-sqs-3.1.1.jar:3.1.1]
	at io.awspring.cloud.sqs.listener.pipeline.MessageProcessingPipelineBuilder$FutureComposingMessagePipelineStage.process(MessageProcessingPipelineBuilder.java:104) ~[spring-cloud-aws-sqs-3.1.1.jar:3.1.1]
	at io.awspring.cloud.sqs.listener.pipeline.MessageProcessingPipelineBuilder$FutureComposingMessagePipelineStage.process(MessageProcessingPipelineBuilder.java:104) ~[spring-cloud-aws-sqs-3.1.1.jar:3.1.1]
	at io.awspring.cloud.sqs.listener.pipeline.MessageProcessingPipelineBuilder$FutureComposingMessagePipelineStage.process(MessageProcessingPipelineBuilder.java:104) ~[spring-cloud-aws-sqs-3.1.1.jar:3.1.1]
	at io.awspring.cloud.sqs.listener.pipeline.MessageProcessingPipelineBuilder$FutureComposingMessagePipelineStage.process(MessageProcessingPipelineBuilder.java:104) ~[spring-cloud-aws-sqs-3.1.1.jar:3.1.1]
	at io.awspring.cloud.sqs.listener.sink.AbstractMessageProcessingPipelineSink.lambda$execute$0(AbstractMessageProcessingPipelineSink.java:99) ~[spring-cloud-aws-sqs-3.1.1.jar:3.1.1]
	at java.base/java.util.concurrent.CompletableFuture$AsyncSupply.run(CompletableFuture.java:1789) ~[na:na]
	at java.base/java.util.concurrent.ThreadPoolExecutor.runWorker(ThreadPoolExecutor.java:1090) ~[na:na]
	at java.base/java.util.concurrent.ThreadPoolExecutor$Worker.run(ThreadPoolExecutor.java:614) ~[na:na]
	at java.base/java.lang.Thread.run(Thread.java:1474) ~[na:na]
Caused by: io.awspring.cloud.sqs.listener.AsyncAdapterBlockingExecutionFailedException: Error executing action in BlockingMessageListenerAdapter
	at io.awspring.cloud.sqs.listener.AsyncComponentAdapters$AbstractThreadingComponentAdapter.wrapWithBlockingException(AsyncComponentAdapters.java:162) ~[spring-cloud-aws-sqs-3.1.1.jar:3.1.1]
	at io.awspring.cloud.sqs.listener.AsyncComponentAdapters$AbstractThreadingComponentAdapter.runInSameThread(AsyncComponentAdapters.java:124) ~[spring-cloud-aws-sqs-3.1.1.jar:3.1.1]
	at io.awspring.cloud.sqs.listener.AsyncComponentAdapters$AbstractThreadingComponentAdapter.execute(AsyncComponentAdapters.java:111) ~[spring-cloud-aws-sqs-3.1.1.jar:3.1.1]
	at io.awspring.cloud.sqs.listener.AsyncComponentAdapters$BlockingMessageListenerAdapter.onMessage(AsyncComponentAdapters.java:208) ~[spring-cloud-aws-sqs-3.1.1.jar:3.1.1]
	... 14 common frames omitted
Caused by: io.awspring.cloud.sqs.listener.ListenerExecutionFailedException: Listener failed to process messages a0c7dfd2-64fd-4d2d-913d-adeb71e35382
	at io.awspring.cloud.sqs.listener.adapter.AbstractMethodInvokingListenerAdapter.createListenerException(AbstractMethodInvokingListenerAdapter.java:79) ~[spring-cloud-aws-sqs-3.1.1.jar:3.1.1]
	at io.awspring.cloud.sqs.listener.adapter.AbstractMethodInvokingListenerAdapter.createListenerException(AbstractMethodInvokingListenerAdapter.java:83) ~[spring-cloud-aws-sqs-3.1.1.jar:3.1.1]
	at io.awspring.cloud.sqs.listener.adapter.AbstractMethodInvokingListenerAdapter.invokeHandler(AbstractMethodInvokingListenerAdapter.java:59) ~[spring-cloud-aws-sqs-3.1.1.jar:3.1.1]
	at io.awspring.cloud.sqs.listener.adapter.MessagingMessageListenerAdapter.onMessage(MessagingMessageListenerAdapter.java:41) ~[spring-cloud-aws-sqs-3.1.1.jar:3.1.1]
	at io.awspring.cloud.sqs.listener.AsyncComponentAdapters$BlockingMessageListenerAdapter.lambda$onMessage$0(AsyncComponentAdapters.java:208) ~[spring-cloud-aws-sqs-3.1.1.jar:3.1.1]
	at io.awspring.cloud.sqs.listener.AsyncComponentAdapters$AbstractThreadingComponentAdapter.runInSameThread(AsyncComponentAdapters.java:120) ~[spring-cloud-aws-sqs-3.1.1.jar:3.1.1]
	... 16 common frames omitted
Caused by: java.lang.RuntimeException: Failed to process SQS message
	at com.telecom.analytics.platform.infrastructure.adapter.inbound.sqs.SqsTelemetryListener.listen(SqsTelemetryListener.java:28) ~[classes/:na]
	at java.base/jdk.internal.reflect.DirectMethodHandleAccessor.invoke(DirectMethodHandleAccessor.java:104) ~[na:na]
	at java.base/java.lang.reflect.Method.invoke(Method.java:565) ~[na:na]
	at org.springframework.messaging.handler.invocation.InvocableHandlerMethod.doInvoke(InvocableHandlerMethod.java:169) ~[spring-messaging-6.1.10.jar:6.1.10]
	at org.springframework.messaging.handler.invocation.InvocableHandlerMethod.invoke(InvocableHandlerMethod.java:119) ~[spring-messaging-6.1.10.jar:6.1.10]
	at io.awspring.cloud.sqs.listener.adapter.AbstractMethodInvokingListenerAdapter.invokeHandler(AbstractMethodInvokingListenerAdapter.java:56) ~[spring-cloud-aws-sqs-3.1.1.jar:3.1.1]
	... 19 common frames omitted
Caused by: java.lang.IllegalArgumentException: Referenced antenna antenna-101 does not exist.
	at com.telecom.analytics.platform.application.service.TelemetryIngestionService.ingest(TelemetryIngestionService.java:30) ~[classes/:na]
	at com.telecom.analytics.platform.infrastructure.adapter.inbound.sqs.SqsTelemetryListener.listen(SqsTelemetryListener.java:25) ~[classes/:na]
	... 24 common frames omitted

2026-07-21T17:36:57.358+02:00 ERROR 19760 --- [data-platform-sandbox] [ntContainer#0-5] .s.AbstractMessageProcessingPipelineSink : Error processing message c9970e86-33a9-458b-b0a1-c6afcda0caed.

java.util.concurrent.CompletionException: io.awspring.cloud.sqs.listener.AsyncAdapterBlockingExecutionFailedException: Error executing action in BlockingMessageListenerAdapter
	at java.base/java.util.concurrent.CompletableFuture.wrapInCompletionException(CompletableFuture.java:323) ~[na:na]
	at java.base/java.util.concurrent.CompletableFuture.encodeThrowable(CompletableFuture.java:376) ~[na:na]
	at java.base/java.util.concurrent.CompletableFuture.uniApplyNow(CompletableFuture.java:695) ~[na:na]
	at java.base/java.util.concurrent.CompletableFuture.uniApplyStage(CompletableFuture.java:683) ~[na:na]
	at java.base/java.util.concurrent.CompletableFuture.thenApply(CompletableFuture.java:2227) ~[na:na]
	at io.awspring.cloud.sqs.listener.pipeline.MessageListenerExecutionStage.process(MessageListenerExecutionStage.java:49) ~[spring-cloud-aws-sqs-3.1.1.jar:3.1.1]
	at io.awspring.cloud.sqs.listener.pipeline.MessageProcessingPipelineBuilder$ComposingMessagePipelineStage.lambda$process$0(MessageProcessingPipelineBuilder.java:80) ~[spring-cloud-aws-sqs-3.1.1.jar:3.1.1]
	at java.base/java.util.concurrent.CompletableFuture.uniComposeStage(CompletableFuture.java:1208) ~[na:na]
	at java.base/java.util.concurrent.CompletableFuture.thenCompose(CompletableFuture.java:2368) ~[na:na]
	at io.awspring.cloud.sqs.listener.pipeline.MessageProcessingPipelineBuilder$ComposingMessagePipelineStage.process(MessageProcessingPipelineBuilder.java:80) ~[spring-cloud-aws-sqs-3.1.1.jar:3.1.1]
	at io.awspring.cloud.sqs.listener.pipeline.MessageProcessingPipelineBuilder$FutureComposingMessagePipelineStage.process(MessageProcessingPipelineBuilder.java:104) ~[spring-cloud-aws-sqs-3.1.1.jar:3.1.1]
	at io.awspring.cloud.sqs.listener.pipeline.MessageProcessingPipelineBuilder$FutureComposingMessagePipelineStage.process(MessageProcessingPipelineBuilder.java:104) ~[spring-cloud-aws-sqs-3.1.1.jar:3.1.1]
	at io.awspring.cloud.sqs.listener.pipeline.MessageProcessingPipelineBuilder$FutureComposingMessagePipelineStage.process(MessageProcessingPipelineBuilder.java:104) ~[spring-cloud-aws-sqs-3.1.1.jar:3.1.1]
	at io.awspring.cloud.sqs.listener.pipeline.MessageProcessingPipelineBuilder$FutureComposingMessagePipelineStage.process(MessageProcessingPipelineBuilder.java:104) ~[spring-cloud-aws-sqs-3.1.1.jar:3.1.1]
	at io.awspring.cloud.sqs.listener.sink.AbstractMessageProcessingPipelineSink.lambda$execute$0(AbstractMessageProcessingPipelineSink.java:99) ~[spring-cloud-aws-sqs-3.1.1.jar:3.1.1]
	at java.base/java.util.concurrent.CompletableFuture$AsyncSupply.run(CompletableFuture.java:1789) ~[na:na]
	at java.base/java.util.concurrent.ThreadPoolExecutor.runWorker(ThreadPoolExecutor.java:1090) ~[na:na]
	at java.base/java.util.concurrent.ThreadPoolExecutor$Worker.run(ThreadPoolExecutor.java:614) ~[na:na]
	at java.base/java.lang.Thread.run(Thread.java:1474) ~[na:na]
Caused by: io.awspring.cloud.sqs.listener.AsyncAdapterBlockingExecutionFailedException: Error executing action in BlockingMessageListenerAdapter
	at io.awspring.cloud.sqs.listener.AsyncComponentAdapters$AbstractThreadingComponentAdapter.wrapWithBlockingException(AsyncComponentAdapters.java:162) ~[spring-cloud-aws-sqs-3.1.1.jar:3.1.1]
	at io.awspring.cloud.sqs.listener.AsyncComponentAdapters$AbstractThreadingComponentAdapter.runInSameThread(AsyncComponentAdapters.java:124) ~[spring-cloud-aws-sqs-3.1.1.jar:3.1.1]
	at io.awspring.cloud.sqs.listener.AsyncComponentAdapters$AbstractThreadingComponentAdapter.execute(AsyncComponentAdapters.java:111) ~[spring-cloud-aws-sqs-3.1.1.jar:3.1.1]
	at io.awspring.cloud.sqs.listener.AsyncComponentAdapters$BlockingMessageListenerAdapter.onMessage(AsyncComponentAdapters.java:208) ~[spring-cloud-aws-sqs-3.1.1.jar:3.1.1]
	... 14 common frames omitted
Caused by: io.awspring.cloud.sqs.listener.ListenerExecutionFailedException: Listener failed to process messages c9970e86-33a9-458b-b0a1-c6afcda0caed
	at io.awspring.cloud.sqs.listener.adapter.AbstractMethodInvokingListenerAdapter.createListenerException(AbstractMethodInvokingListenerAdapter.java:79) ~[spring-cloud-aws-sqs-3.1.1.jar:3.1.1]
	at io.awspring.cloud.sqs.listener.adapter.AbstractMethodInvokingListenerAdapter.createListenerException(AbstractMethodInvokingListenerAdapter.java:83) ~[spring-cloud-aws-sqs-3.1.1.jar:3.1.1]
	at io.awspring.cloud.sqs.listener.adapter.AbstractMethodInvokingListenerAdapter.invokeHandler(AbstractMethodInvokingListenerAdapter.java:59) ~[spring-cloud-aws-sqs-3.1.1.jar:3.1.1]
	at io.awspring.cloud.sqs.listener.adapter.MessagingMessageListenerAdapter.onMessage(MessagingMessageListenerAdapter.java:41) ~[spring-cloud-aws-sqs-3.1.1.jar:3.1.1]
	at io.awspring.cloud.sqs.listener.AsyncComponentAdapters$BlockingMessageListenerAdapter.lambda$onMessage$0(AsyncComponentAdapters.java:208) ~[spring-cloud-aws-sqs-3.1.1.jar:3.1.1]
	at io.awspring.cloud.sqs.listener.AsyncComponentAdapters$AbstractThreadingComponentAdapter.runInSameThread(AsyncComponentAdapters.java:120) ~[spring-cloud-aws-sqs-3.1.1.jar:3.1.1]
	... 16 common frames omitted
Caused by: java.lang.RuntimeException: Failed to process SQS message
	at com.telecom.analytics.platform.infrastructure.adapter.inbound.sqs.SqsTelemetryListener.listen(SqsTelemetryListener.java:28) ~[classes/:na]
	at java.base/jdk.internal.reflect.DirectMethodHandleAccessor.invoke(DirectMethodHandleAccessor.java:104) ~[na:na]
	at java.base/java.lang.reflect.Method.invoke(Method.java:565) ~[na:na]
	at org.springframework.messaging.handler.invocation.InvocableHandlerMethod.doInvoke(InvocableHandlerMethod.java:169) ~[spring-messaging-6.1.10.jar:6.1.10]
	at org.springframework.messaging.handler.invocation.InvocableHandlerMethod.invoke(InvocableHandlerMethod.java:119) ~[spring-messaging-6.1.10.jar:6.1.10]
	at io.awspring.cloud.sqs.listener.adapter.AbstractMethodInvokingListenerAdapter.invokeHandler(AbstractMethodInvokingListenerAdapter.java:56) ~[spring-cloud-aws-sqs-3.1.1.jar:3.1.1]
	... 19 common frames omitted
Caused by: java.lang.IllegalArgumentException: Referenced antenna antenna-101 does not exist.
	at com.telecom.analytics.platform.application.service.TelemetryIngestionService.ingest(TelemetryIngestionService.java:30) ~[classes/:na]
	at com.telecom.analytics.platform.infrastructure.adapter.inbound.sqs.SqsTelemetryListener.listen(SqsTelemetryListener.java:25) ~[classes/:na]
	... 24 common frames omitted

2026-07-21T17:36:57.358+02:00 ERROR 19760 --- [data-platform-sandbox] [ntContainer#0-3] .s.AbstractMessageProcessingPipelineSink : Error processing message 5ca1ef69-2811-416a-af63-655c3a796a49.

java.util.concurrent.CompletionException: io.awspring.cloud.sqs.listener.AsyncAdapterBlockingExecutionFailedException: Error executing action in BlockingMessageListenerAdapter
	at java.base/java.util.concurrent.CompletableFuture.wrapInCompletionException(CompletableFuture.java:323) ~[na:na]
	at java.base/java.util.concurrent.CompletableFuture.encodeThrowable(CompletableFuture.java:376) ~[na:na]
	at java.base/java.util.concurrent.CompletableFuture.uniApplyNow(CompletableFuture.java:695) ~[na:na]
	at java.base/java.util.concurrent.CompletableFuture.uniApplyStage(CompletableFuture.java:683) ~[na:na]
	at java.base/java.util.concurrent.CompletableFuture.thenApply(CompletableFuture.java:2227) ~[na:na]
	at io.awspring.cloud.sqs.listener.pipeline.MessageListenerExecutionStage.process(MessageListenerExecutionStage.java:49) ~[spring-cloud-aws-sqs-3.1.1.jar:3.1.1]
	at io.awspring.cloud.sqs.listener.pipeline.MessageProcessingPipelineBuilder$ComposingMessagePipelineStage.lambda$process$0(MessageProcessingPipelineBuilder.java:80) ~[spring-cloud-aws-sqs-3.1.1.jar:3.1.1]
	at java.base/java.util.concurrent.CompletableFuture.uniComposeStage(CompletableFuture.java:1208) ~[na:na]
	at java.base/java.util.concurrent.CompletableFuture.thenCompose(CompletableFuture.java:2368) ~[na:na]
	at io.awspring.cloud.sqs.listener.pipeline.MessageProcessingPipelineBuilder$ComposingMessagePipelineStage.process(MessageProcessingPipelineBuilder.java:80) ~[spring-cloud-aws-sqs-3.1.1.jar:3.1.1]
	at io.awspring.cloud.sqs.listener.pipeline.MessageProcessingPipelineBuilder$FutureComposingMessagePipelineStage.process(MessageProcessingPipelineBuilder.java:104) ~[spring-cloud-aws-sqs-3.1.1.jar:3.1.1]
	at io.awspring.cloud.sqs.listener.pipeline.MessageProcessingPipelineBuilder$FutureComposingMessagePipelineStage.process(MessageProcessingPipelineBuilder.java:104) ~[spring-cloud-aws-sqs-3.1.1.jar:3.1.1]
	at io.awspring.cloud.sqs.listener.pipeline.MessageProcessingPipelineBuilder$FutureComposingMessagePipelineStage.process(MessageProcessingPipelineBuilder.java:104) ~[spring-cloud-aws-sqs-3.1.1.jar:3.1.1]
	at io.awspring.cloud.sqs.listener.pipeline.MessageProcessingPipelineBuilder$FutureComposingMessagePipelineStage.process(MessageProcessingPipelineBuilder.java:104) ~[spring-cloud-aws-sqs-3.1.1.jar:3.1.1]
	at io.awspring.cloud.sqs.listener.sink.AbstractMessageProcessingPipelineSink.lambda$execute$0(AbstractMessageProcessingPipelineSink.java:99) ~[spring-cloud-aws-sqs-3.1.1.jar:3.1.1]
	at java.base/java.util.concurrent.CompletableFuture$AsyncSupply.run(CompletableFuture.java:1789) ~[na:na]
	at java.base/java.util.concurrent.ThreadPoolExecutor.runWorker(ThreadPoolExecutor.java:1090) ~[na:na]
	at java.base/java.util.concurrent.ThreadPoolExecutor$Worker.run(ThreadPoolExecutor.java:614) ~[na:na]
	at java.base/java.lang.Thread.run(Thread.java:1474) ~[na:na]
Caused by: io.awspring.cloud.sqs.listener.AsyncAdapterBlockingExecutionFailedException: Error executing action in BlockingMessageListenerAdapter
	at io.awspring.cloud.sqs.listener.AsyncComponentAdapters$AbstractThreadingComponentAdapter.wrapWithBlockingException(AsyncComponentAdapters.java:162) ~[spring-cloud-aws-sqs-3.1.1.jar:3.1.1]
	at io.awspring.cloud.sqs.listener.AsyncComponentAdapters$AbstractThreadingComponentAdapter.runInSameThread(AsyncComponentAdapters.java:124) ~[spring-cloud-aws-sqs-3.1.1.jar:3.1.1]
	at io.awspring.cloud.sqs.listener.AsyncComponentAdapters$AbstractThreadingComponentAdapter.execute(AsyncComponentAdapters.java:111) ~[spring-cloud-aws-sqs-3.1.1.jar:3.1.1]
	at io.awspring.cloud.sqs.listener.AsyncComponentAdapters$BlockingMessageListenerAdapter.onMessage(AsyncComponentAdapters.java:208) ~[spring-cloud-aws-sqs-3.1.1.jar:3.1.1]
	... 14 common frames omitted
Caused by: io.awspring.cloud.sqs.listener.ListenerExecutionFailedException: Listener failed to process messages 5ca1ef69-2811-416a-af63-655c3a796a49
	at io.awspring.cloud.sqs.listener.adapter.AbstractMethodInvokingListenerAdapter.createListenerException(AbstractMethodInvokingListenerAdapter.java:79) ~[spring-cloud-aws-sqs-3.1.1.jar:3.1.1]
	at io.awspring.cloud.sqs.listener.adapter.AbstractMethodInvokingListenerAdapter.createListenerException(AbstractMethodInvokingListenerAdapter.java:83) ~[spring-cloud-aws-sqs-3.1.1.jar:3.1.1]
	at io.awspring.cloud.sqs.listener.adapter.AbstractMethodInvokingListenerAdapter.invokeHandler(AbstractMethodInvokingListenerAdapter.java:59) ~[spring-cloud-aws-sqs-3.1.1.jar:3.1.1]
	at io.awspring.cloud.sqs.listener.adapter.MessagingMessageListenerAdapter.onMessage(MessagingMessageListenerAdapter.java:41) ~[spring-cloud-aws-sqs-3.1.1.jar:3.1.1]
	at io.awspring.cloud.sqs.listener.AsyncComponentAdapters$BlockingMessageListenerAdapter.lambda$onMessage$0(AsyncComponentAdapters.java:208) ~[spring-cloud-aws-sqs-3.1.1.jar:3.1.1]
	at io.awspring.cloud.sqs.listener.AsyncComponentAdapters$AbstractThreadingComponentAdapter.runInSameThread(AsyncComponentAdapters.java:120) ~[spring-cloud-aws-sqs-3.1.1.jar:3.1.1]
	... 16 common frames omitted
Caused by: java.lang.RuntimeException: Failed to process SQS message
	at com.telecom.analytics.platform.infrastructure.adapter.inbound.sqs.SqsTelemetryListener.listen(SqsTelemetryListener.java:28) ~[classes/:na]
	at java.base/jdk.internal.reflect.DirectMethodHandleAccessor.invoke(DirectMethodHandleAccessor.java:104) ~[na:na]
	at java.base/java.lang.reflect.Method.invoke(Method.java:565) ~[na:na]
	at org.springframework.messaging.handler.invocation.InvocableHandlerMethod.doInvoke(InvocableHandlerMethod.java:169) ~[spring-messaging-6.1.10.jar:6.1.10]
	at org.springframework.messaging.handler.invocation.InvocableHandlerMethod.invoke(InvocableHandlerMethod.java:119) ~[spring-messaging-6.1.10.jar:6.1.10]
	at io.awspring.cloud.sqs.listener.adapter.AbstractMethodInvokingListenerAdapter.invokeHandler(AbstractMethodInvokingListenerAdapter.java:56) ~[spring-cloud-aws-sqs-3.1.1.jar:3.1.1]
	... 19 common frames omitted
Caused by: java.lang.IllegalArgumentException: Referenced antenna antenna-101 does not exist.
	at com.telecom.analytics.platform.application.service.TelemetryIngestionService.ingest(TelemetryIngestionService.java:30) ~[classes/:na]
	at com.telecom.analytics.platform.infrastructure.adapter.inbound.sqs.SqsTelemetryListener.listen(SqsTelemetryListener.java:25) ~[classes/:na]
	... 24 common frames omitted

2026-07-21T17:36:57.562+02:00  INFO 19760 --- [data-platform-sandbox] [           main] c.t.analytics.platform.StepDefinitions   : Cucumber Hook: Cleaning collections and tables before scenario...
Hibernate: select aje1_0.id,aje1_0.location,aje1_0.status,aje1_0.theoretical_capacity,aje1_0.type from antennas aje1_0 where aje1_0.id=?
Hibernate: insert into antennas (location,status,theoretical_capacity,type,id) values (?,?,?,?,?)
2026-07-21T17:36:57.797+02:00  INFO 19760 --- [data-platform-sandbox] [           main] c.t.a.p.a.s.TelemetryIngestionService    : Receiving telemetry event: evt-999
Hibernate: select aje1_0.id,aje1_0.location,aje1_0.status,aje1_0.theoretical_capacity,aje1_0.type from antennas aje1_0 where aje1_0.id=?
2026-07-21T17:36:57.816+02:00  INFO 19760 --- [data-platform-sandbox] [           main] c.t.a.p.a.s.TelemetryIngestionService    : Telemetry event evt-999 successfully persisted in MongoDB. Version: 1
2026-07-21T17:36:57.821+02:00  INFO 19760 --- [data-platform-sandbox] [           main] c.t.a.p.a.s.TelemetryIngestionService    : Receiving telemetry event: evt-999
Hibernate: select aje1_0.id,aje1_0.location,aje1_0.status,aje1_0.theoretical_capacity,aje1_0.type from antennas aje1_0 where aje1_0.id=?
2026-07-21T17:36:57.834+02:00  WARN 19760 --- [data-platform-sandbox] [           main] c.t.a.p.a.s.TelemetryIngestionService    : Optimistic locking conflict on event evt-999. Triggering backoff retry 1/3...
2026-07-21T17:36:57.942+02:00  INFO 19760 --- [data-platform-sandbox] [           main] c.t.a.p.a.s.TelemetryIngestionService    : Telemetry event evt-999 successfully persisted in MongoDB. Version: 2
2026-07-21T17:36:57.943+02:00  INFO 19760 --- [data-platform-sandbox] [           main] c.t.analytics.platform.StepDefinitions   : Optimistic locking retry was executed successfully.
]]></system-out>
    <system-err><![CDATA[WARNING: A Java agent has been loaded dynamically (C:\Users\clope\.m2\repository\net\bytebuddy\byte-buddy-agent\1.14.17\byte-buddy-agent-1.14.17.jar)
WARNING: If a serviceability tool is in use, please run with -XX:+EnableDynamicAgentLoading to hide this warning
WARNING: If a serviceability tool is not in use, please run with -Djdk.instrument.traceUsage for more information
WARNING: Dynamic loading of agents will be disallowed by default in a future release
]]></system-err>
  </testcase>
  <testcase name="Retrieve antennas exceeding 80% of their theoretical capacity" classname="Federated Cross-Catalog Queries with Trino" time="0.347">
    <system-out><![CDATA[2026-07-21T17:36:57.964+02:00  INFO 19760 --- [data-platform-sandbox] [           main] c.t.analytics.platform.StepDefinitions   : Cucumber Hook: Cleaning collections and tables before scenario...
2026-07-21T17:36:58.089+02:00  INFO 19760 --- [data-platform-sandbox] [           main] c.t.analytics.platform.StepDefinitions   : Attempting to run federated query against Trino sandbox instance: SELECT a.id, a.location, SUM(e.bytes_transferred) as total_traffic
FROM postgresql.public.antennas a
JOIN mongodb.telemetry.antenna_events e ON a.id = e.antenna_id
GROUP BY a.id, a.location, a.theoretical_capacity
HAVING SUM(e.bytes_transferred) > (a.theoretical_capacity * 0.8)
2026-07-21T17:36:58.297+02:00  INFO 19760 --- [data-platform-sandbox] [           main] c.t.analytics.platform.StepDefinitions   : Trino query returned 1 rows.
]]></system-out>
  </testcase>
  <testcase name="Successfully ingest a telemetry event" classname="Telemetry Event Ingestion and Idempotency" time="0.234">
    <system-out><![CDATA[2026-07-21T17:36:58.310+02:00  INFO 19760 --- [data-platform-sandbox] [           main] c.t.analytics.platform.StepDefinitions   : Cucumber Hook: Cleaning collections and tables before scenario...
Hibernate: select aje1_0.id,aje1_0.location,aje1_0.status,aje1_0.theoretical_capacity,aje1_0.type from antennas aje1_0 where aje1_0.id=?
Hibernate: insert into antennas (location,status,theoretical_capacity,type,id) values (?,?,?,?,?)
2026-07-21T17:36:58.345+02:00  INFO 19760 --- [data-platform-sandbox] [           main] c.t.analytics.platform.StepDefinitions   : Saved test antenna antenna-101 to PostgreSQL.
2026-07-21T17:36:58.412+02:00  INFO 19760 --- [data-platform-sandbox] [ntContainer#0-6] c.t.a.p.i.a.i.sqs.SqsTelemetryListener   : Received event raw payload from SQS: {"eventId":"evt-999","antennaId":"antenna-101","eventType":"VOICE_CALL","durationMs":1500,"bytesTransferred":1024,"timestamp":"2026-07-21T15:36:58.347948800Z","version":null}
2026-07-21T17:36:58.413+02:00  INFO 19760 --- [data-platform-sandbox] [ntContainer#0-6] c.t.a.p.i.a.i.sqs.SqsTelemetryListener   : Successfully deserialized telemetry event: evt-999
2026-07-21T17:36:58.413+02:00  INFO 19760 --- [data-platform-sandbox] [           main] c.t.analytics.platform.StepDefinitions   : Sent telemetry event evt-999 payload to SQS FIFO queue.
2026-07-21T17:36:58.413+02:00  INFO 19760 --- [data-platform-sandbox] [ntContainer#0-6] c.t.a.p.a.s.TelemetryIngestionService    : Receiving telemetry event: evt-999
Hibernate: select aje1_0.id,aje1_0.location,aje1_0.status,aje1_0.theoretical_capacity,aje1_0.type from antennas aje1_0 where aje1_0.id=?
2026-07-21T17:36:58.485+02:00  INFO 19760 --- [data-platform-sandbox] [ntContainer#0-6] c.t.a.p.a.s.TelemetryIngestionService    : Telemetry event evt-999 successfully persisted in MongoDB. Version: 0
]]></system-out>
  </testcase>
  <testcase name="Prevent duplicate telemetry events (Exactly-Once Idempotency)" classname="Telemetry Event Ingestion and Idempotency" time="2.12">
    <system-out><![CDATA[2026-07-21T17:36:58.540+02:00  INFO 19760 --- [data-platform-sandbox] [           main] c.t.analytics.platform.StepDefinitions   : Cucumber Hook: Cleaning collections and tables before scenario...
Hibernate: select aje1_0.id,aje1_0.location,aje1_0.status,aje1_0.theoretical_capacity,aje1_0.type from antennas aje1_0 where aje1_0.id=?
Hibernate: insert into antennas (location,status,theoretical_capacity,type,id) values (?,?,?,?,?)
2026-07-21T17:36:58.634+02:00  INFO 19760 --- [data-platform-sandbox] [           main] c.t.analytics.platform.StepDefinitions   : Saved existing telemetry event evt-999 to MongoDB.
2026-07-21T17:36:58.648+02:00  INFO 19760 --- [data-platform-sandbox] [           main] c.t.analytics.platform.StepDefinitions   : Sent duplicate event payload to SQS queue to test application-level idempotency.
2026-07-21T17:36:58.649+02:00  INFO 19760 --- [data-platform-sandbox] [ntContainer#0-7] c.t.a.p.i.a.i.sqs.SqsTelemetryListener   : Received event raw payload from SQS: {"eventId":"evt-999","antennaId":"antenna-101","eventType":"VOICE_CALL","durationMs":2000,"bytesTransferred":2048,"timestamp":"2026-07-21T15:36:58.634697300Z","version":null}
2026-07-21T17:36:58.650+02:00  INFO 19760 --- [data-platform-sandbox] [ntContainer#0-7] c.t.a.p.i.a.i.sqs.SqsTelemetryListener   : Successfully deserialized telemetry event: evt-999
2026-07-21T17:36:58.650+02:00  INFO 19760 --- [data-platform-sandbox] [ntContainer#0-7] c.t.a.p.a.s.TelemetryIngestionService    : Receiving telemetry event: evt-999
Hibernate: select aje1_0.id,aje1_0.location,aje1_0.status,aje1_0.theoretical_capacity,aje1_0.type from antennas aje1_0 where aje1_0.id=?
2026-07-21T17:36:58.656+02:00  WARN 19760 --- [data-platform-sandbox] [ntContainer#0-7] c.t.a.p.a.s.TelemetryIngestionService    : Telemetry event evt-999 is a duplicate. Discarding.
]]></system-out>
  </testcase>
  <testcase name="Calculate aggregate metrics using native library" classname="Performance Optimization via C++ Native Processing" time="0.046">
    <system-out><![CDATA[2026-07-21T17:37:00.661+02:00  INFO 19760 --- [data-platform-sandbox] [           main] c.t.analytics.platform.StepDefinitions   : Cucumber Hook: Cleaning collections and tables before scenario...
2026-07-21T17:37:00.696+02:00  INFO 19760 --- [data-platform-sandbox] [           main] c.t.a.p.a.s.NativeAnalyticsService       : Calculating standard deviation of 100000 events durations using native port
2026-07-21T17:37:00.698+02:00  INFO 19760 --- [data-platform-sandbox] [           main] c.t.a.p.a.s.NativeAnalyticsService       : Calculation completed. Standard deviation: 199.64893034744307
2026-07-21T17:37:00.698+02:00  INFO 19760 --- [data-platform-sandbox] [           main] c.t.analytics.platform.StepDefinitions   : Calculated standard deviation for set: 199.64893034744307
2026-07-21T17:37:00.699+02:00  INFO 19760 --- [data-platform-sandbox] [           main] c.t.analytics.platform.StepDefinitions   : Standard deviation native offloading step complete.
]]></system-out>
  </testcase>
</testsuite>